<?xml version="1.0" encoding="UTF-8"?>
<testsuite xmlns:xsi="http://www.w3.org/2001/XMLSchema-instance" xsi:noNamespaceSchemaLocation="https://maven.apache.org/surefire/maven-surefire-plugin/xsd/surefire-test-report.xsd" name="com.fasterxml.jackson.module.jsonSchema.TestGenerateJsonSchema" time="0.153" tests="1" errors="0" skipped="0" failures="0">
  <properties>
    <property name="awt.toolkit" value="sun.awt.X11.XToolkit"/>
    <property name="nondexStart" value="0"/>
    <property name="java.specification.version" value="1.8"/>
    <property name="file.encoding.pkg" value="sun.io"/>
    <property name="sun.cpu.isalist" value=""/>
    <property name="sun.jnu.encoding" value="UTF-8"/>
    <property name="java.class.path" value="/home/ms19/jackson-module-jsonSchema/target/test-classes:/home/ms19/jackson-module-jsonSchema/target/classes:/home/ms19/.m2/repository/com/fasterxml/jackson/core/jackson-annotations/2.14.0-SNAPSHOT/jackson-annotations-2.14.0-SNAPSHOT.jar:/home/ms19/.m2/repository/com/fasterxml/jackson/core/jackson-core/2.14.0-SNAPSHOT/jackson-core-2.14.0-SNAPSHOT.jar:/home/ms19/.m2/repository/com/fasterxml/jackson/core/jackson-databind/2.14.0-SNAPSHOT/jackson-databind-2.14.0-SNAPSHOT.jar:/home/ms19/.m2/repository/javax/validation/validation-api/1.1.0.Final/validation-api-1.1.0.Final.jar:/home/ms19/.m2/repository/junit/junit/4.13.1/junit-4.13.1.jar:/home/ms19/.m2/repository/org/hamcrest/hamcrest-core/1.3/hamcrest-core-1.3.jar:"/>
    <property name="java.vm.vendor" value="Private Build"/>
    <property name="nondexPrintstack" value="false"/>
    <property name="sun.arch.data.model" value="64"/>
    <property name="java.vendor.url" value="http://java.oracle.com/"/>
    <property name="nondexRuns" value="10"/>
    <property name="user.timezone" value=""/>
    <property name="java.vm.specification.version" value="1.8"/>
    <property name="os.name" value="Linux"/>
    <property name="sun.java.launcher" value="SUN_STANDARD"/>
    <property name="user.country" value="US"/>
    <property name="sun.boot.library.path" value="/usr/lib/jvm/java-8-openjdk-amd64/jre/lib/amd64"/>
    <property name="nondexLogging" value="CONFIG"/>
    <property name="sun.java.command" value="/home/ms19/jackson-module-jsonSchema/target/surefire/surefirebooter6010602224534766453.jar /home/ms19/jackson-module-jsonSchema/target/surefire 2021-11-12T13-41-22_467-jvmRun1 surefire5864584146745051176tmp surefire_97445547001062333263tmp"/>
    <property name="test" value="com.fasterxml.jackson.module.jsonSchema.TestGenerateJsonSchema#testSinglePropertyDependency"/>
    <property name="surefire.test.class.path" value="/home/ms19/jackson-module-jsonSchema/target/test-classes:/home/ms19/jackson-module-jsonSchema/target/classes:/home/ms19/.m2/repository/com/fasterxml/jackson/core/jackson-annotations/2.14.0-SNAPSHOT/jackson-annotations-2.14.0-SNAPSHOT.jar:/home/ms19/.m2/repository/com/fasterxml/jackson/core/jackson-core/2.14.0-SNAPSHOT/jackson-core-2.14.0-SNAPSHOT.jar:/home/ms19/.m2/repository/com/fasterxml/jackson/core/jackson-databind/2.14.0-SNAPSHOT/jackson-databind-2.14.0-SNAPSHOT.jar:/home/ms19/.m2/repository/javax/validation/validation-api/1.1.0.Final/validation-api-1.1.0.Final.jar:/home/ms19/.m2/repository/junit/junit/4.13.1/junit-4.13.1.jar:/home/ms19/.m2/repository/org/hamcrest/hamcrest-core/1.3/hamcrest-core-1.3.jar:"/>
    <property name="sun.cpu.endian" value="little"/>
    <property name="nondexExecid" value="ni2zy4GMrO7eFbaKT3rZkS6IqyVtGP9t2ClcIpvi1c="/>
    <property name="user.home" value="/home/ms19"/>
    <property name="user.language" value="en"/>
    <property name="java.specification.vendor" value="Oracle Corporation"/>
    <property name="java.home" value="/usr/lib/jvm/java-8-openjdk-amd64/jre"/>
    <property name="basedir" value="/home/ms19/jackson-module-jsonSchema"/>
    <property name="file.separator" value="/"/>
    <property name="nondexEnd" value="9223372036854775807"/>
    <property name="line.separator" value="&#10;"/>
    <property name="java.vm.specification.vendor" value="Oracle Corporation"/>
    <property name="java.specification.name" value="Java Platform API Specification"/>
    <property name="java.awt.graphicsenv" value="sun.awt.X11GraphicsEnvironment"/>
    <property name="nondexFilter" value=".*"/>
    <property name="nondexSeed" value="1264730"/>
    <property name="surefire.real.class.path" value="/home/ms19/jackson-module-jsonSchema/target/surefire/surefirebooter6010602224534766453.jar"/>
    <property name="sun.boot.class.path" value="/home/ms19/jackson-module-jsonSchema/.nondex/nondex-instr.jar:/home/ms19/.m2/repository/edu/illinois/nondex-common/1.1.2/nondex-common-1.1.2.jar:/home/ms19/.m2/repository/edu/illinois/nondex-annotations/1.1.2/nondex-annotations-1.1.2.jar:/usr/lib/jvm/java-8-openjdk-amd64/jre/lib/resources.jar:/usr/lib/jvm/java-8-openjdk-amd64/jre/lib/rt.jar:/usr/lib/jvm/java-8-openjdk-amd64/jre/lib/sunrsasign.jar:/usr/lib/jvm/java-8-openjdk-amd64/jre/lib/jsse.jar:/usr/lib/jvm/java-8-openjdk-amd64/jre/lib/jce.jar:/usr/lib/jvm/java-8-openjdk-amd64/jre/lib/charsets.jar:/usr/lib/jvm/java-8-openjdk-amd64/jre/lib/jfr.jar:/usr/lib/jvm/java-8-openjdk-amd64/jre/classes"/>
    <property name="sun.management.compiler" value="HotSpot 64-Bit Tiered Compilers"/>
    <property name="java.runtime.version" value="1.8.0_292-8u292-b10-0ubuntu1~18.04-b10"/>
    <property name="user.name" value="ms19"/>
    <property name="path.separator" value=":"/>
    <property name="os.version" value="4.15.0-162-generic"/>
    <property name="java.endorsed.dirs" value="/usr/lib/jvm/java-8-openjdk-amd64/jre/lib/endorsed"/>
    <property name="java.runtime.name" value="OpenJDK Runtime Environment"/>
    <property name="file.encoding" value="UTF-8"/>
    <property name="java.vm.name" value="OpenJDK 64-Bit Server VM"/>
    <property name="localRepository" value="/home/ms19/.m2/repository"/>
    <property name="nondexDir" value="/home/ms19/jackson-module-jsonSchema/.nondex"/>
    <property name="nondexJarDir" value="/home/ms19/jackson-module-jsonSchema/.nondex"/>
    <property name="java.vendor.url.bug" value="http://bugreport.sun.com/bugreport/"/>
    <property name="java.io.tmpdir" value="/tmp"/>
    <property name="java.version" value="1.8.0_292"/>
    <property name="user.dir" value="/home/ms19/jackson-module-jsonSchema"/>
    <property name="os.arch" value="amd64"/>
    <property name="nondexMode" value="FULL"/>
    <property name="java.vm.specification.name" value="Java Virtual Machine Specification"/>
    <property name="java.awt.printerjob" value="sun.print.PSPrinterJob"/>
    <property name="sun.os.patch.level" value="unknown"/>
    <property name="java.library.path" value="/usr/java/packages/lib/amd64:/usr/lib/x86_64-linux-gnu/jni:/lib/x86_64-linux-gnu:/usr/lib/x86_64-linux-gnu:/usr/lib/jni:/lib:/usr/lib"/>
    <property name="java.vm.info" value="mixed mode"/>
    <property name="java.vendor" value="Private Build"/>
    <property name="java.vm.version" value="25.292-b10"/>
    <property name="sun.io.unicode.encoding" value="UnicodeLittle"/>
    <property name="java.ext.dirs" value="/usr/lib/jvm/java-8-openjdk-amd64/jre/lib/ext:/usr/java/packages/lib/ext"/>
    <property name="java.class.version" value="52.0"/>
  </properties>
  <testcase name="testSinglePropertyDependency" classname="com.fasterxml.jackson.module.jsonSchema.TestGenerateJsonSchema" time="0.152"/>
</testsuite>