<?xml version="1.0" encoding="UTF-8"?>
<testsuite xmlns:xsi="http://www.w3.org/2001/XMLSchema-instance" xsi:noNamespaceSchemaLocation="https://maven.apache.org/surefire/maven-surefire-plugin/xsd/surefire-test-report.xsd" name="com.fasterxml.jackson.module.jsonSchema.TestGenerateJsonSchema" time="0.18" tests="1" errors="0" skipped="0" failures="1">
  <properties>
    <property name="awt.toolkit" value="sun.awt.X11.XToolkit"/>
    <property name="nondexStart" value="0"/>
    <property name="java.specification.version" value="1.8"/>
    <property name="file.encoding.pkg" value="sun.io"/>
    <property name="sun.cpu.isalist" value=""/>
    <property name="sun.jnu.encoding" value="UTF-8"/>
    <property name="java.class.path" value="/home/ms19/jackson-module-jsonSchema/target/test-classes:/home/ms19/jackson-module-jsonSchema/target/classes:/home/ms19/.m2/repository/com/fasterxml/jackson/core/jackson-annotations/2.14.0-SNAPSHOT/jackson-annotations-2.14.0-SNAPSHOT.jar:/home/ms19/.m2/repository/com/fasterxml/jackson/core/jackson-core/2.14.0-SNAPSHOT/jackson-core-2.14.0-SNAPSHOT.jar:/home/ms19/.m2/repository/com/fasterxml/jackson/core/jackson-databind/2.14.0-SNAPSHOT/jackson-databind-2.14.0-SNAPSHOT.jar:/home/ms19/.m2/repository/javax/validation/validation-api/1.1.0.Final/validation-api-1.1.0.Final.jar:/home/ms19/.m2/repository/junit/junit/4.13.1/junit-4.13.1.jar:/home/ms19/.m2/repository/org/hamcrest/hamcrest-core/1.3/hamcrest-core-1.3.jar:"/>
    <property name="java.vm.vendor" value="Private Build"/>
    <property name="nondexPrintstack" value="false"/>
    <property name="sun.arch.data.model" value="64"/>
    <property name="java.vendor.url" value="http://java.oracle.com/"/>
    <property name="nondexRuns" value="10"/>
    <property name="user.timezone" value=""/>
    <property name="java.vm.specification.version" value="1.8"/>
    <property name="os.name" value="Linux"/>
    <property name="sun.java.launcher" value="SUN_STANDARD"/>
    <property name="user.country" value="US"/>
    <property name="sun.boot.library.path" value="/usr/lib/jvm/java-8-openjdk-amd64/jre/lib/amd64"/>
    <property name="nondexLogging" value="CONFIG"/>
    <property name="sun.java.command" value="/home/ms19/jackson-module-jsonSchema/target/surefire/surefirebooter3832443538005612424.jar /home/ms19/jackson-module-jsonSchema/target/surefire 2021-11-13T13-07-19_441-jvmRun1 surefire4376830605634948947tmp surefire_91531493204053092961tmp"/>
    <property name="test" value="com.fasterxml.jackson.module.jsonSchema.TestGenerateJsonSchema#testSchemaPropertyDependencies"/>
    <property name="surefire.test.class.path" value="/home/ms19/jackson-module-jsonSchema/target/test-classes:/home/ms19/jackson-module-jsonSchema/target/classes:/home/ms19/.m2/repository/com/fasterxml/jackson/core/jackson-annotations/2.14.0-SNAPSHOT/jackson-annotations-2.14.0-SNAPSHOT.jar:/home/ms19/.m2/repository/com/fasterxml/jackson/core/jackson-core/2.14.0-SNAPSHOT/jackson-core-2.14.0-SNAPSHOT.jar:/home/ms19/.m2/repository/com/fasterxml/jackson/core/jackson-databind/2.14.0-SNAPSHOT/jackson-databind-2.14.0-SNAPSHOT.jar:/home/ms19/.m2/repository/javax/validation/validation-api/1.1.0.Final/validation-api-1.1.0.Final.jar:/home/ms19/.m2/repository/junit/junit/4.13.1/junit-4.13.1.jar:/home/ms19/.m2/repository/org/hamcrest/hamcrest-core/1.3/hamcrest-core-1.3.jar:"/>
    <property name="sun.cpu.endian" value="little"/>
    <property name="nondexExecid" value="XfWihEkM8k8If4Gqj3mNWWF6dT4RcaNewfeEM6KT9w="/>
    <property name="user.home" value="/home/ms19"/>
    <property name="user.language" value="en"/>
    <property name="java.specification.vendor" value="Oracle Corporation"/>
    <property name="java.home" value="/usr/lib/jvm/java-8-openjdk-amd64/jre"/>
    <property name="basedir" value="/home/ms19/jackson-module-jsonSchema"/>
    <property name="file.separator" value="/"/>
    <property name="nondexEnd" value="9223372036854775807"/>
    <property name="line.separator" value="&#10;"/>
    <property name="java.vm.specification.vendor" value="Oracle Corporation"/>
    <property name="java.specification.name" value="Java Platform API Specification"/>
    <property name="java.awt.graphicsenv" value="sun.awt.X11GraphicsEnvironment"/>
    <property name="nondexFilter" value=".*"/>
    <property name="nondexSeed" value="1264730"/>
    <property name="surefire.real.class.path" value="/home/ms19/jackson-module-jsonSchema/target/surefire/surefirebooter3832443538005612424.jar"/>
    <property name="sun.boot.class.path" value="/home/ms19/jackson-module-jsonSchema/.nondex/nondex-instr.jar:/home/ms19/.m2/repository/edu/illinois/nondex-common/1.1.2/nondex-common-1.1.2.jar:/home/ms19/.m2/repository/edu/illinois/nondex-annotations/1.1.2/nondex-annotations-1.1.2.jar:/usr/lib/jvm/java-8-openjdk-amd64/jre/lib/resources.jar:/usr/lib/jvm/java-8-openjdk-amd64/jre/lib/rt.jar:/usr/lib/jvm/java-8-openjdk-amd64/jre/lib/sunrsasign.jar:/usr/lib/jvm/java-8-openjdk-amd64/jre/lib/jsse.jar:/usr/lib/jvm/java-8-openjdk-amd64/jre/lib/jce.jar:/usr/lib/jvm/java-8-openjdk-amd64/jre/lib/charsets.jar:/usr/lib/jvm/java-8-openjdk-amd64/jre/lib/jfr.jar:/usr/lib/jvm/java-8-openjdk-amd64/jre/classes"/>
    <property name="sun.management.compiler" value="HotSpot 64-Bit Tiered Compilers"/>
    <property name="java.runtime.version" value="1.8.0_292-8u292-b10-0ubuntu1~18.04-b10"/>
    <property name="user.name" value="ms19"/>
    <property name="path.separator" value=":"/>
    <property name="os.version" value="4.15.0-162-generic"/>
    <property name="java.endorsed.dirs" value="/usr/lib/jvm/java-8-openjdk-amd64/jre/lib/endorsed"/>
    <property name="java.runtime.name" value="OpenJDK Runtime Environment"/>
    <property name="file.encoding" value="UTF-8"/>
    <property name="java.vm.name" value="OpenJDK 64-Bit Server VM"/>
    <property name="localRepository" value="/home/ms19/.m2/repository"/>
    <property name="nondexDir" value="/home/ms19/jackson-module-jsonSchema/.nondex"/>
    <property name="nondexJarDir" value="/home/ms19/jackson-module-jsonSchema/.nondex"/>
    <property name="java.vendor.url.bug" value="http://bugreport.sun.com/bugreport/"/>
    <property name="java.io.tmpdir" value="/tmp"/>
    <property name="java.version" value="1.8.0_292"/>
    <property name="user.dir" value="/home/ms19/jackson-module-jsonSchema"/>
    <property name="os.arch" value="amd64"/>
    <property name="nondexMode" value="FULL"/>
    <property name="java.vm.specification.name" value="Java Virtual Machine Specification"/>
    <property name="java.awt.printerjob" value="sun.print.PSPrinterJob"/>
    <property name="sun.os.patch.level" value="unknown"/>
    <property name="java.library.path" value="/usr/java/packages/lib/amd64:/usr/lib/x86_64-linux-gnu/jni:/lib/x86_64-linux-gnu:/usr/lib/x86_64-linux-gnu:/usr/lib/jni:/lib:/usr/lib"/>
    <property name="java.vm.info" value="mixed mode"/>
    <property name="java.vendor" value="Private Build"/>
    <property name="java.vm.version" value="25.292-b10"/>
    <property name="sun.io.unicode.encoding" value="UnicodeLittle"/>
    <property name="java.ext.dirs" value="/usr/lib/jvm/java-8-openjdk-amd64/jre/lib/ext:/usr/java/packages/lib/ext"/>
    <property name="java.class.version" value="52.0"/>
  </properties>
  <testcase name="testSchemaPropertyDependencies" classname="com.fasterxml.jackson.module.jsonSchema.TestGenerateJsonSchema" time="0.179">
    <failure message="expected:&lt;...Schema:SimpleBean&quot;,&quot;[dependencies&quot;:{&quot;property1&quot;:{&quot;id&quot;:&quot;urn:jsonschema:com:fasterxml:jackson:module:jsonSchema:TestGenerateJsonSchema:DependencySchema&quot;,&quot;properties&quot;:{&quot;property2&quot;:{&quot;type&quot;:&quot;string&quot;,&quot;required&quot;:true}}},&quot;property3&quot;:{&quot;id&quot;:&quot;urn:jsonschema:com:fasterxml:jackson:module:jsonSchema:TestGenerateJsonSchema:DependencySchema&quot;,&quot;properties&quot;:{&quot;property2&quot;:{&quot;type&quot;:&quot;string&quot;,&quot;required&quot;:true}}}},&quot;properties&quot;:{&quot;property1&quot;:{&quot;type&quot;:&quot;integer&quot;},&quot;property2&quot;:{&quot;type&quot;:&quot;string&quot;},&quot;property3&quot;:{&quot;type&quot;:&quot;array&quot;,&quot;items&quot;:{&quot;type&quot;:&quot;string&quot;}},&quot;property4&quot;:{&quot;type&quot;:&quot;array&quot;,&quot;items&quot;:{&quot;type&quot;:&quot;number&quot;}},&quot;property5&quot;:{&quot;type&quot;:&quot;string&quot;,&quot;required&quot;:true]}}}&gt; but was:&lt;...Schema:SimpleBean&quot;,&quot;[properties&quot;:{&quot;property1&quot;:{&quot;type&quot;:&quot;integer&quot;},&quot;property2&quot;:{&quot;type&quot;:&quot;string&quot;},&quot;property3&quot;:{&quot;type&quot;:&quot;array&quot;,&quot;items&quot;:{&quot;type&quot;:&quot;string&quot;}},&quot;property4&quot;:{&quot;type&quot;:&quot;array&quot;,&quot;items&quot;:{&quot;type&quot;:&quot;number&quot;}},&quot;property5&quot;:{&quot;type&quot;:&quot;string&quot;,&quot;required&quot;:true}},&quot;dependencies&quot;:{&quot;property1&quot;:{&quot;id&quot;:&quot;urn:jsonschema:com:fasterxml:jackson:module:jsonSchema:TestGenerateJsonSchema:DependencySchema&quot;,&quot;properties&quot;:{&quot;property2&quot;:{&quot;type&quot;:&quot;string&quot;,&quot;required&quot;:true}}},&quot;property3&quot;:{&quot;id&quot;:&quot;urn:jsonschema:com:fasterxml:jackson:module:jsonSchema:TestGenerateJsonSchema:DependencySchema&quot;,&quot;properties&quot;:{&quot;property2&quot;:{&quot;type&quot;:&quot;string&quot;,&quot;required&quot;:true}}]}}}&gt;" type="junit.framework.ComparisonFailure"><![CDATA[junit.framework.ComparisonFailure: expected:<...Schema:SimpleBean","[dependencies":{"property1":{"id":"urn:jsonschema:com:fasterxml:jackson:module:jsonSchema:TestGenerateJsonSchema:DependencySchema","properties":{"property2":{"type":"string","required":true}}},"property3":{"id":"urn:jsonschema:com:fasterxml:jackson:module:jsonSchema:TestGenerateJsonSchema:DependencySchema","properties":{"property2":{"type":"string","required":true}}}},"properties":{"property1":{"type":"integer"},"property2":{"type":"string"},"property3":{"type":"array","items":{"type":"string"}},"property4":{"type":"array","items":{"type":"number"}},"property5":{"type":"string","required":true]}}}> but was:<...Schema:SimpleBean","[properties":{"property1":{"type":"integer"},"property2":{"type":"string"},"property3":{"type":"array","items":{"type":"string"}},"property4":{"type":"array","items":{"type":"number"}},"property5":{"type":"string","required":true}},"dependencies":{"property1":{"id":"urn:jsonschema:com:fasterxml:jackson:module:jsonSchema:TestGenerateJsonSchema:DependencySchema","properties":{"property2":{"type":"string","required":true}}},"property3":{"id":"urn:jsonschema:com:fasterxml:jackson:module:jsonSchema:TestGenerateJsonSchema:DependencySchema","properties":{"property2":{"type":"string","required":true}}]}}}>
	at com.fasterxml.jackson.module.jsonSchema.TestGenerateJsonSchema.testSchemaPropertyDependencies(TestGenerateJsonSchema.java:368)
]]></failure>
  </testcase>
</testsuite>